[0.166s] Invoking command in '/home/admin/Desktop/CSE180/build/lab2': CMAKE_PREFIX_PATH=${CMAKE_PREFIX_PATH}:/opt/ros/foxy /usr/bin/cmake --build /home/admin/Desktop/CSE180/build/lab2 -- -j2 -l2
[0.861s] [35m[1mScanning dependencies of target drawcircle[0m
[1.064s] [ 50%] [32mBuilding CXX object CMakeFiles/drawcircle.dir/src/moveturtle.cpp.o[0m
[8.994s] [01m[K/home/admin/Desktop/CSE180/src/lab2/src/moveturtle.cpp:[m[K In function â€˜[01m[Kint main(int, char**)[m[Kâ€™:
[8.995s] [01m[K/home/admin/Desktop/CSE180/src/lab2/src/moveturtle.cpp:24:10:[m[K [01;31m[Kerror: [m[Kinvalid use of non-static member function â€˜[01m[Kbool rclcpp::GenericRate<Clock>::sleep() [with Clock = std::chrono::_V2::system_clock][m[Kâ€™
[8.995s]    24 |     [01;31m[Krate.sleep[m[K;
[8.995s]       |     [01;31m[K~~~~~^~~~~[m[K
[8.996s] In file included from [01m[K/opt/ros/foxy/include/rclcpp/timer.hpp:31[m[K,
[8.996s]                  from [01m[K/opt/ros/foxy/include/rclcpp/callback_group.hpp:27[m[K,
[8.996s]                  from [01m[K/opt/ros/foxy/include/rclcpp/any_executable.hpp:20[m[K,
[8.996s]                  from [01m[K/opt/ros/foxy/include/rclcpp/memory_strategy.hpp:24[m[K,
[8.997s]                  from [01m[K/opt/ros/foxy/include/rclcpp/memory_strategies.hpp:18[m[K,
[8.997s]                  from [01m[K/opt/ros/foxy/include/rclcpp/executor_options.hpp:20[m[K,
[8.998s]                  from [01m[K/opt/ros/foxy/include/rclcpp/executor.hpp:33[m[K,
[8.998s]                  from [01m[K/opt/ros/foxy/include/rclcpp/executors/multi_threaded_executor.hpp:26[m[K,
[8.998s]                  from [01m[K/opt/ros/foxy/include/rclcpp/executors.hpp:21[m[K,
[8.998s]                  from [01m[K/opt/ros/foxy/include/rclcpp/rclcpp.hpp:146[m[K,
[8.999s]                  from [01m[K/home/admin/Desktop/CSE180/src/lab2/src/moveturtle.cpp:2[m[K:
[8.999s] [01m[K/opt/ros/foxy/include/rclcpp/rate.hpp:59:3:[m[K [01;36m[Knote: [m[Kdeclared here
[8.999s]    59 |   [01;36m[Ksleep[m[K()
[9.000s]       |   [01;36m[K^~~~~[m[K
[13.832s] make[2]: *** [CMakeFiles/drawcircle.dir/build.make:63: CMakeFiles/drawcircle.dir/src/moveturtle.cpp.o] Error 1
[13.832s] make[1]: *** [CMakeFiles/Makefile2:78: CMakeFiles/drawcircle.dir/all] Error 2
[13.886s] make: *** [Makefile:141: all] Error 2
[13.887s] Invoked command in '/home/admin/Desktop/CSE180/build/lab2' returned '2': CMAKE_PREFIX_PATH=${CMAKE_PREFIX_PATH}:/opt/ros/foxy /usr/bin/cmake --build /home/admin/Desktop/CSE180/build/lab2 -- -j2 -l2
